Determining if the pthread_create exist failed with the following output:
Change Dir: /home/arjun/workspace/SelfDrivingCars/CarND-Capstone/ros/build/CMakeFiles/CMakeTmp

Run Build Command:"/usr/bin/make" "cmTC_6d2f8/fast"
/usr/bin/make -f CMakeFiles/cmTC_6d2f8.dir/build.make CMakeFiles/cmTC_6d2f8.dir/build
make[1]: Entering directory '/home/arjun/workspace/SelfDrivingCars/CarND-Capstone/ros/build/CMakeFiles/CMakeTmp'
Building C object CMakeFiles/cmTC_6d2f8.dir/CheckSymbolExists.c.o
/usr/bin/cc     -o CMakeFiles/cmTC_6d2f8.dir/CheckSymbolExists.c.o   -c /home/arjun/workspace/SelfDrivingCars/CarND-Capstone/ros/build/CMakeFiles/CMakeTmp/CheckSymbolExists.c
Linking C executable cmTC_6d2f8
/usr/bin/cmake -E cmake_link_script CMakeFiles/cmTC_6d2f8.dir/link.txt --verbose=1
/usr/bin/cc       CMakeFiles/cmTC_6d2f8.dir/CheckSymbolExists.c.o  -o cmTC_6d2f8 -rdynamic 
CMakeFiles/cmTC_6d2f8.dir/CheckSymbolExists.c.o: In function `main':
CheckSymbolExists.c:(.text+0x16): undefined reference to `pthread_create'
collect2: error: ld returned 1 exit status
CMakeFiles/cmTC_6d2f8.dir/build.make:97: recipe for target 'cmTC_6d2f8' failed
make[1]: *** [cmTC_6d2f8] Error 1
make[1]: Leaving directory '/home/arjun/workspace/SelfDrivingCars/CarND-Capstone/ros/build/CMakeFiles/CMakeTmp'
Makefile:126: recipe for target 'cmTC_6d2f8/fast' failed
make: *** [cmTC_6d2f8/fast] Error 2

File /home/arjun/workspace/SelfDrivingCars/CarND-Capstone/ros/build/CMakeFiles/CMakeTmp/CheckSymbolExists.c:
/* */
#include <pthread.h>

int main(int argc, char** argv)
{
  (void)argv;
#ifndef pthread_create
  return ((int*)(&pthread_create))[argc];
#else
  (void)argc;
  return 0;
#endif
}

Determining if the function pthread_create exists in the pthreads failed with the following output:
Change Dir: /home/arjun/workspace/SelfDrivingCars/CarND-Capstone/ros/build/CMakeFiles/CMakeTmp

Run Build Command:"/usr/bin/make" "cmTC_64b38/fast"
/usr/bin/make -f CMakeFiles/cmTC_64b38.dir/build.make CMakeFiles/cmTC_64b38.dir/build
make[1]: Entering directory '/home/arjun/workspace/SelfDrivingCars/CarND-Capstone/ros/build/CMakeFiles/CMakeTmp'
Building C object CMakeFiles/cmTC_64b38.dir/CheckFunctionExists.c.o
/usr/bin/cc    -DCHECK_FUNCTION_EXISTS=pthread_create   -o CMakeFiles/cmTC_64b38.dir/CheckFunctionExists.c.o   -c /usr/share/cmake-3.5/Modules/CheckFunctionExists.c
Linking C executable cmTC_64b38
/usr/bin/cmake -E cmake_link_script CMakeFiles/cmTC_64b38.dir/link.txt --verbose=1
/usr/bin/cc   -DCHECK_FUNCTION_EXISTS=pthread_create    CMakeFiles/cmTC_64b38.dir/CheckFunctionExists.c.o  -o cmTC_64b38 -rdynamic -lpthreads 
/usr/bin/ld: cannot find -lpthreads
collect2: error: ld returned 1 exit status
CMakeFiles/cmTC_64b38.dir/build.make:97: recipe for target 'cmTC_64b38' failed
make[1]: *** [cmTC_64b38] Error 1
make[1]: Leaving directory '/home/arjun/workspace/SelfDrivingCars/CarND-Capstone/ros/build/CMakeFiles/CMakeTmp'
Makefile:126: recipe for target 'cmTC_64b38/fast' failed
make: *** [cmTC_64b38/fast] Error 2


Determining if the pthread_create exist failed with the following output:
Change Dir: /home/arjun/workspace/SelfDrivingCars/CarND-Capstone/ros/build/CMakeFiles/CMakeTmp

Run Build Command:"/usr/bin/make" "cmTC_4aa6b/fast"
/usr/bin/make -f CMakeFiles/cmTC_4aa6b.dir/build.make CMakeFiles/cmTC_4aa6b.dir/build
make[1]: Entering directory '/home/arjun/workspace/SelfDrivingCars/CarND-Capstone/ros/build/CMakeFiles/CMakeTmp'
Building C object CMakeFiles/cmTC_4aa6b.dir/CheckSymbolExists.c.o
/usr/bin/cc     -o CMakeFiles/cmTC_4aa6b.dir/CheckSymbolExists.c.o   -c /home/arjun/workspace/SelfDrivingCars/CarND-Capstone/ros/build/CMakeFiles/CMakeTmp/CheckSymbolExists.c
Linking C executable cmTC_4aa6b
/usr/bin/cmake -E cmake_link_script CMakeFiles/cmTC_4aa6b.dir/link.txt --verbose=1
/usr/bin/cc       CMakeFiles/cmTC_4aa6b.dir/CheckSymbolExists.c.o  -o cmTC_4aa6b -rdynamic 
CMakeFiles/cmTC_4aa6b.dir/CheckSymbolExists.c.o: In function `main':
CheckSymbolExists.c:(.text+0x16): undefined reference to `pthread_create'
collect2: error: ld returned 1 exit status
CMakeFiles/cmTC_4aa6b.dir/build.make:97: recipe for target 'cmTC_4aa6b' failed
make[1]: *** [cmTC_4aa6b] Error 1
make[1]: Leaving directory '/home/arjun/workspace/SelfDrivingCars/CarND-Capstone/ros/build/CMakeFiles/CMakeTmp'
Makefile:126: recipe for target 'cmTC_4aa6b/fast' failed
make: *** [cmTC_4aa6b/fast] Error 2

File /home/arjun/workspace/SelfDrivingCars/CarND-Capstone/ros/build/CMakeFiles/CMakeTmp/CheckSymbolExists.c:
/* */
#include <pthread.h>

int main(int argc, char** argv)
{
  (void)argv;
#ifndef pthread_create
  return ((int*)(&pthread_create))[argc];
#else
  (void)argc;
  return 0;
#endif
}

Determining if the function pthread_create exists in the pthreads failed with the following output:
Change Dir: /home/arjun/workspace/SelfDrivingCars/CarND-Capstone/ros/build/CMakeFiles/CMakeTmp

Run Build Command:"/usr/bin/make" "cmTC_9929b/fast"
/usr/bin/make -f CMakeFiles/cmTC_9929b.dir/build.make CMakeFiles/cmTC_9929b.dir/build
make[1]: Entering directory '/home/arjun/workspace/SelfDrivingCars/CarND-Capstone/ros/build/CMakeFiles/CMakeTmp'
Building C object CMakeFiles/cmTC_9929b.dir/CheckFunctionExists.c.o
/usr/bin/cc    -DCHECK_FUNCTION_EXISTS=pthread_create   -o CMakeFiles/cmTC_9929b.dir/CheckFunctionExists.c.o   -c /usr/share/cmake-3.5/Modules/CheckFunctionExists.c
Linking C executable cmTC_9929b
/usr/bin/cmake -E cmake_link_script CMakeFiles/cmTC_9929b.dir/link.txt --verbose=1
/usr/bin/cc   -DCHECK_FUNCTION_EXISTS=pthread_create    CMakeFiles/cmTC_9929b.dir/CheckFunctionExists.c.o  -o cmTC_9929b -rdynamic -lpthreads 
/usr/bin/ld: cannot find -lpthreads
collect2: error: ld returned 1 exit status
CMakeFiles/cmTC_9929b.dir/build.make:97: recipe for target 'cmTC_9929b' failed
make[1]: *** [cmTC_9929b] Error 1
make[1]: Leaving directory '/home/arjun/workspace/SelfDrivingCars/CarND-Capstone/ros/build/CMakeFiles/CMakeTmp'
Makefile:126: recipe for target 'cmTC_9929b/fast' failed
make: *** [cmTC_9929b/fast] Error 2


